<?xml version="1.0" encoding="UTF-8"?>
<testsuites>
  <testsuite name="C:\xampp\htdocs\phpTest\build\src\JoomlaTest\Tests\SeleniumTests" tests="2" assertions="0" failures="0" errors="2" time="3.068404">
    <testsuite name="SeleniumTests2" file="C:\xampp\htdocs\phpTest\build\src\JoomlaTest\Tests\SeleniumTests\SeleniumTest.php" tests="2" assertions="0" failures="0" errors="2" time="3.068404">
      <testcase name="testSearch1" class="SeleniumTests2" file="C:\xampp\htdocs\phpTest\build\src\JoomlaTest\Tests\SeleniumTests\SeleniumTest.php" line="33" assertions="0" time="1.515079">
        <error type="PHPUnit_Framework_ExceptionWrapper">SeleniumTests2::testSearch1
PHPUnit_Extensions_Selenium2TestCase_WebDriverException: &lt;unknown&gt;: Failed to set the 'cookie' property on 'Document': Cookies are disabled inside 'data:' URLs.
  (Session info: chrome=44.0.2403.157)
  (Driver info: chromedriver=2.16.333243 (0bfa1d3575fc1044244f21ddb82bf870944ef961),platform=Windows NT 10.0 x86_64) (WARNING: The server did not provide any stacktrace information)
Command duration or timeout: 6 milliseconds
Build info: version: '2.47.1', revision: '411b314', time: '2015-07-30 03:03:16'
System info: host: '2500k-PC', ip: '192.168.0.14', os.name: 'Windows 8.1', os.arch: 'x86', os.version: '6.3', java.version: '1.8.0_51'
Driver info: org.openqa.selenium.chrome.ChromeDriver
Capabilities [{applicationCacheEnabled=false, rotatable=false, mobileEmulationEnabled=false, chrome={userDataDir=C:\Users\2600k\AppData\Local\Temp\scoped_dir6292_12960}, takesHeapSnapshot=true, databaseEnabled=false, handlesAlerts=true, hasTouchScreen=false, version=44.0.2403.157, platform=WIN8_1, browserConnectionEnabled=false, nativeEvents=true, acceptSslCerts=true, locationContextEnabled=true, webStorageEnabled=true, browserName=chrome, takesScreenshot=true, javascriptEnabled=true, cssSelectorsEnabled=true}]
Session ID: 7d744e117fbc32e60cee09cb3d3007cd&#13;
org.openqa.selenium.WebDriverException

</error>
      </testcase>
      <testcase name="testLogin" class="SeleniumTests2" file="C:\xampp\htdocs\phpTest\build\src\JoomlaTest\Tests\SeleniumTests\SeleniumTest.php" line="44" assertions="0" time="1.553325">
        <error type="PHPUnit_Framework_ExceptionWrapper">SeleniumTests2::testLogin
PHPUnit_Extensions_Selenium2TestCase_WebDriverException: &lt;unknown&gt;: Failed to set the 'cookie' property on 'Document': Cookies are disabled inside 'data:' URLs.
  (Session info: chrome=44.0.2403.157)
  (Driver info: chromedriver=2.16.333243 (0bfa1d3575fc1044244f21ddb82bf870944ef961),platform=Windows NT 10.0 x86_64) (WARNING: The server did not provide any stacktrace information)
Command duration or timeout: 13 milliseconds
Build info: version: '2.47.1', revision: '411b314', time: '2015-07-30 03:03:16'
System info: host: '2500k-PC', ip: '192.168.0.14', os.name: 'Windows 8.1', os.arch: 'x86', os.version: '6.3', java.version: '1.8.0_51'
Driver info: org.openqa.selenium.chrome.ChromeDriver
Capabilities [{applicationCacheEnabled=false, rotatable=false, mobileEmulationEnabled=false, chrome={userDataDir=C:\Users\2600k\AppData\Local\Temp\scoped_dir2284_9775}, takesHeapSnapshot=true, databaseEnabled=false, handlesAlerts=true, hasTouchScreen=false, version=44.0.2403.157, platform=WIN8_1, browserConnectionEnabled=false, nativeEvents=true, acceptSslCerts=true, locationContextEnabled=true, webStorageEnabled=true, browserName=chrome, takesScreenshot=true, javascriptEnabled=true, cssSelectorsEnabled=true}]
Session ID: a9dc736ba01704dbb08cd28248974ef4&#13;
org.openqa.selenium.WebDriverException

</error>
      </testcase>
    </testsuite>
  </testsuite>
</testsuites>
